# JRE version: OpenJDK Runtime Environment Temurin-17.0.9+9 (17.0.9+9) (build 17.0.9+9)
# Java VM: OpenJDK 64-Bit Server VM Temurin-17.0.9+9 (17.0.9+9, mixed mode, tiered, compressed oops, compressed class ptrs, parallel gc, windows-amd64)
GC Precious Log:
 CPUs: 4 total, 4 available
 Memory: 3918M
 Large Page Support: Disabled
 NUMA Support: Disabled
 Compressed Oops: Enabled (32-bit)
 Alignments: Space 512K, Generation 512K, Heap 2M
 Heap Min Capacity: 100M
 Heap Initial Capacity: 100M
 Heap Max Capacity: 1G
 Pre-touch: Disabled
 Parallel Workers: 4
Heap:
 PSYoungGen      total 7680K, used 4556K [0x00000000eab00000, 0x00000000eb880000, 0x0000000100000000)
  eden space 7168K, 56% used [0x00000000eab00000,0x00000000eaef6e98,0x00000000eb200000)
  from space 512K, 97% used [0x00000000eb800000,0x00000000eb87c460,0x00000000eb880000)
  to   space 1024K, 0% used [0x00000000eb680000,0x00000000eb680000,0x00000000eb780000)
 ParOldGen       total 114688K, used 87867K [0x00000000c0000000, 0x00000000c7000000, 0x00000000eab00000)
  object space 114688K, 76% used [0x00000000c0000000,0x00000000c55ceff0,0x00000000c7000000)
 Metaspace       used 74192K, committed 75328K, reserved 1179648K
  class space    used 7788K, committed 8256K, reserved 1048576K
GC Heap History (20 events):
Event: 44.557 GC heap before
{Heap before GC invocations=58 (full 5):
 PSYoungGen      total 7680K, used 448K [0x00000000eab00000, 0x00000000eba00000, 0x0000000100000000)
  eden space 7168K, 0% used [0x00000000eab00000,0x00000000eab00000,0x00000000eb200000)
  from space 512K, 87% used [0x00000000eb980000,0x00000000eb9f0000,0x00000000eba00000)
  to   space 2048K, 0% used [0x00000000eb600000,0x00000000eb600000,0x00000000eb800000)
 ParOldGen       total 106496K, used 104984K [0x00000000c0000000, 0x00000000c6800000, 0x00000000eab00000)
  object space 106496K, 98% used [0x00000000c0000000,0x00000000c6686160,0x00000000c6800000)
 Metaspace       used 70026K, committed 71104K, reserved 1114112K
  class space    used 7216K, committed 7680K, reserved 1048576K
}
Event: 44.764 GC heap after
{Heap after GC invocations=58 (full 5):
 PSYoungGen      total 9216K, used 0K [0x00000000eab00000, 0x00000000eba00000, 0x0000000100000000)
  eden space 7168K, 0% used [0x00000000eab00000,0x00000000eab00000,0x00000000eb200000)
  from space 2048K, 0% used [0x00000000eb600000,0x00000000eb600000,0x00000000eb800000)
  to   space 2048K, 0% used [0x00000000eb800000,0x00000000eb800000,0x00000000eba00000)
 ParOldGen       total 114688K, used 87290K [0x00000000c0000000, 0x00000000c7000000, 0x00000000eab00000)
  object space 114688K, 76% used [0x00000000c0000000,0x00000000c553e978,0x00000000c7000000)
 Metaspace       used 70026K, committed 71104K, reserved 1114112K
  class space    used 7216K, committed 7680K, reserved 1048576K
}
Event: 45.292 GC heap before
{Heap before GC invocations=59 (full 5):
 PSYoungGen      total 9216K, used 7168K [0x00000000eab00000, 0x00000000eba00000, 0x0000000100000000)
  eden space 7168K, 100% used [0x00000000eab00000,0x00000000eb200000,0x00000000eb200000)
  from space 2048K, 0% used [0x00000000eb600000,0x00000000eb600000,0x00000000eb800000)
  to   space 2048K, 0% used [0x00000000eb800000,0x00000000eb800000,0x00000000eba00000)
 ParOldGen       total 114688K, used 87290K [0x00000000c0000000, 0x00000000c7000000, 0x00000000eab00000)
  object space 114688K, 76% used [0x00000000c0000000,0x00000000c553e978,0x00000000c7000000)
 Metaspace       used 70148K, committed 71296K, reserved 1114112K
  class space    used 7233K, committed 7744K, reserved 1048576K
}
Event: 45.294 GC heap after
{Heap after GC invocations=59 (full 5):
 PSYoungGen      total 7680K, used 128K [0x00000000eab00000, 0x00000000eb880000, 0x0000000100000000)
  eden space 7168K, 0% used [0x00000000eab00000,0x00000000eab00000,0x00000000eb200000)
  from space 512K, 25% used [0x00000000eb800000,0x00000000eb820000,0x00000000eb880000)
  to   space 512K, 0% used [0x00000000eb780000,0x00000000eb780000,0x00000000eb800000)
 ParOldGen       total 114688K, used 87290K [0x00000000c0000000, 0x00000000c7000000, 0x00000000eab00000)
  object space 114688K, 76% used [0x00000000c0000000,0x00000000c553e978,0x00000000c7000000)
 Metaspace       used 70148K, committed 71296K, reserved 1114112K
  class space    used 7233K, committed 7744K, reserved 1048576K
}
Event: 45.845 GC heap before
{Heap before GC invocations=60 (full 5):
 PSYoungGen      total 7680K, used 7296K [0x00000000eab00000, 0x00000000eb880000, 0x0000000100000000)
  eden space 7168K, 100% used [0x00000000eab00000,0x00000000eb200000,0x00000000eb200000)
  from space 512K, 25% used [0x00000000eb800000,0x00000000eb820000,0x00000000eb880000)
  to   space 512K, 0% used [0x00000000eb780000,0x00000000eb780000,0x00000000eb800000)
 ParOldGen       total 114688K, used 87290K [0x00000000c0000000, 0x00000000c7000000, 0x00000000eab00000)
  object space 114688K, 76% used [0x00000000c0000000,0x00000000c553e978,0x00000000c7000000)
 Metaspace       used 70811K, committed 71936K, reserved 1114112K
  class space    used 7361K, committed 7872K, reserved 1048576K
}
Event: 45.849 GC heap after
{Heap after GC invocations=60 (full 5):
 PSYoungGen      total 7680K, used 508K [0x00000000eab00000, 0x00000000eb880000, 0x0000000100000000)
  eden space 7168K, 0% used [0x00000000eab00000,0x00000000eab00000,0x00000000eb200000)
  from space 512K, 99% used [0x00000000eb780000,0x00000000eb7ff0d8,0x00000000eb800000)
  to   space 512K, 0% used [0x00000000eb800000,0x00000000eb800000,0x00000000eb880000)
 ParOldGen       total 114688K, used 87338K [0x00000000c0000000, 0x00000000c7000000, 0x00000000eab00000)
  object space 114688K, 76% used [0x00000000c0000000,0x00000000c554a978,0x00000000c7000000)
 Metaspace       used 70811K, committed 71936K, reserved 1114112K
  class space    used 7361K, committed 7872K, reserved 1048576K
}
Event: 46.073 GC heap before
{Heap before GC invocations=61 (full 5):
 PSYoungGen      total 7680K, used 7676K [0x00000000eab00000, 0x00000000eb880000, 0x0000000100000000)
  eden space 7168K, 100% used [0x00000000eab00000,0x00000000eb200000,0x00000000eb200000)
  from space 512K, 99% used [0x00000000eb780000,0x00000000eb7ff0d8,0x00000000eb800000)
  to   space 512K, 0% used [0x00000000eb800000,0x00000000eb800000,0x00000000eb880000)
 ParOldGen       total 114688K, used 87338K [0x00000000c0000000, 0x00000000c7000000, 0x00000000eab00000)
  object space 114688K, 76% used [0x00000000c0000000,0x00000000c554a978,0x00000000c7000000)
 Metaspace       used 70860K, committed 71936K, reserved 1114112K
  class space    used 7361K, committed 7872K, reserved 1048576K
}
Event: 46.075 GC heap after
{Heap after GC invocations=61 (full 5):
 PSYoungGen      total 7680K, used 96K [0x00000000eab00000, 0x00000000eb880000, 0x0000000100000000)
  eden space 7168K, 0% used [0x00000000eab00000,0x00000000eab00000,0x00000000eb200000)
  from space 512K, 18% used [0x00000000eb800000,0x00000000eb818000,0x00000000eb880000)
  to   space 512K, 0% used [0x00000000eb780000,0x00000000eb780000,0x00000000eb800000)
 ParOldGen       total 114688K, used 87779K [0x00000000c0000000, 0x00000000c7000000, 0x00000000eab00000)
  object space 114688K, 76% used [0x00000000c0000000,0x00000000c55b8ff0,0x00000000c7000000)
 Metaspace       used 70860K, committed 71936K, reserved 1114112K
  class space    used 7361K, committed 7872K, reserved 1048576K
}
Event: 46.307 GC heap before
{Heap before GC invocations=62 (full 5):
 PSYoungGen      total 7680K, used 7264K [0x00000000eab00000, 0x00000000eb880000, 0x0000000100000000)
  eden space 7168K, 100% used [0x00000000eab00000,0x00000000eb200000,0x00000000eb200000)
  from space 512K, 18% used [0x00000000eb800000,0x00000000eb818000,0x00000000eb880000)
  to   space 512K, 0% used [0x00000000eb780000,0x00000000eb780000,0x00000000eb800000)
 ParOldGen       total 114688K, used 87779K [0x00000000c0000000, 0x00000000c7000000, 0x00000000eab00000)
  object space 114688K, 76% used [0x00000000c0000000,0x00000000c55b8ff0,0x00000000c7000000)
 Metaspace       used 71057K, committed 72128K, reserved 1114112K
  class space    used 7361K, committed 7872K, reserved 1048576K
}
Event: 46.310 GC heap after
{Heap after GC invocations=62 (full 5):
 PSYoungGen      total 7680K, used 128K [0x00000000eab00000, 0x00000000eb880000, 0x0000000100000000)
  eden space 7168K, 0% used [0x00000000eab00000,0x00000000eab00000,0x00000000eb200000)
  from space 512K, 25% used [0x00000000eb780000,0x00000000eb7a0000,0x00000000eb800000)
  to   space 512K, 0% used [0x00000000eb800000,0x00000000eb800000,0x00000000eb880000)
 ParOldGen       total 114688K, used 87787K [0x00000000c0000000, 0x00000000c7000000, 0x00000000eab00000)
  object space 114688K, 76% used [0x00000000c0000000,0x00000000c55baff0,0x00000000c7000000)
 Metaspace       used 71057K, committed 72128K, reserved 1114112K
  class space    used 7361K, committed 7872K, reserved 1048576K
}
Event: 46.541 GC heap before
{Heap before GC invocations=63 (full 5):
 PSYoungGen      total 7680K, used 7296K [0x00000000eab00000, 0x00000000eb880000, 0x0000000100000000)
  eden space 7168K, 100% used [0x00000000eab00000,0x00000000eb200000,0x00000000eb200000)
  from space 512K, 25% used [0x00000000eb780000,0x00000000eb7a0000,0x00000000eb800000)
  to   space 512K, 0% used [0x00000000eb800000,0x00000000eb800000,0x00000000eb880000)
 ParOldGen       total 114688K, used 87787K [0x00000000c0000000, 0x00000000c7000000, 0x00000000eab00000)
  object space 114688K, 76% used [0x00000000c0000000,0x00000000c55baff0,0x00000000c7000000)
 Metaspace       used 71071K, committed 72192K, reserved 1114112K
  class space    used 7361K, committed 7872K, reserved 1048576K
}
Event: 46.542 GC heap after
{Heap after GC invocations=63 (full 5):
 PSYoungGen      total 7680K, used 128K [0x00000000eab00000, 0x00000000eb880000, 0x0000000100000000)
  eden space 7168K, 0% used [0x00000000eab00000,0x00000000eab00000,0x00000000eb200000)
  from space 512K, 25% used [0x00000000eb800000,0x00000000eb820000,0x00000000eb880000)
  to   space 512K, 0% used [0x00000000eb780000,0x00000000eb780000,0x00000000eb800000)
 ParOldGen       total 114688K, used 87787K [0x00000000c0000000, 0x00000000c7000000, 0x00000000eab00000)
  object space 114688K, 76% used [0x00000000c0000000,0x00000000c55baff0,0x00000000c7000000)
 Metaspace       used 71071K, committed 72192K, reserved 1114112K
  class space    used 7361K, committed 7872K, reserved 1048576K
}
Event: 48.491 GC heap before
{Heap before GC invocations=64 (full 5):
 PSYoungGen      total 7680K, used 7296K [0x00000000eab00000, 0x00000000eb880000, 0x0000000100000000)
  eden space 7168K, 100% used [0x00000000eab00000,0x00000000eb200000,0x00000000eb200000)
  from space 512K, 25% used [0x00000000eb800000,0x00000000eb820000,0x00000000eb880000)
  to   space 512K, 0% used [0x00000000eb780000,0x00000000eb780000,0x00000000eb800000)
 ParOldGen       total 114688K, used 87787K [0x00000000c0000000, 0x00000000c7000000, 0x00000000eab00000)
  object space 114688K, 76% used [0x00000000c0000000,0x00000000c55baff0,0x00000000c7000000)
 Metaspace       used 71615K, committed 72768K, reserved 1179648K
  class space    used 7410K, committed 7936K, reserved 1048576K
}
Event: 48.494 GC heap after
{Heap after GC invocations=64 (full 5):
 PSYoungGen      total 7680K, used 192K [0x00000000eab00000, 0x00000000eb880000, 0x0000000100000000)
  eden space 7168K, 0% used [0x00000000eab00000,0x00000000eab00000,0x00000000eb200000)
  from space 512K, 37% used [0x00000000eb780000,0x00000000eb7b0000,0x00000000eb800000)
  to   space 512K, 0% used [0x00000000eb800000,0x00000000eb800000,0x00000000eb880000)
 ParOldGen       total 114688K, used 87795K [0x00000000c0000000, 0x00000000c7000000, 0x00000000eab00000)
  object space 114688K, 76% used [0x00000000c0000000,0x00000000c55bcff0,0x00000000c7000000)
 Metaspace       used 71615K, committed 72768K, reserved 1179648K
  class space    used 7410K, committed 7936K, reserved 1048576K
}
Event: 48.824 GC heap before
{Heap before GC invocations=65 (full 5):
 PSYoungGen      total 7680K, used 7360K [0x00000000eab00000, 0x00000000eb880000, 0x0000000100000000)
  eden space 7168K, 100% used [0x00000000eab00000,0x00000000eb200000,0x00000000eb200000)
  from space 512K, 37% used [0x00000000eb780000,0x00000000eb7b0000,0x00000000eb800000)
  to   space 512K, 0% used [0x00000000eb800000,0x00000000eb800000,0x00000000eb880000)
 ParOldGen       total 114688K, used 87795K [0x00000000c0000000, 0x00000000c7000000, 0x00000000eab00000)
  object space 114688K, 76% used [0x00000000c0000000,0x00000000c55bcff0,0x00000000c7000000)
 Metaspace       used 72576K, committed 73728K, reserved 1179648K
  class space    used 7521K, committed 8000K, reserved 1048576K
}
Event: 48.825 GC heap after
{Heap after GC invocations=65 (full 5):
 PSYoungGen      total 7680K, used 337K [0x00000000eab00000, 0x00000000eb880000, 0x0000000100000000)
  eden space 7168K, 0% used [0x00000000eab00000,0x00000000eab00000,0x00000000eb200000)
  from space 512K, 65% used [0x00000000eb800000,0x00000000eb854460,0x00000000eb880000)
  to   space 512K, 0% used [0x00000000eb780000,0x00000000eb780000,0x00000000eb800000)
 ParOldGen       total 114688K, used 87795K [0x00000000c0000000, 0x00000000c7000000, 0x00000000eab00000)
  object space 114688K, 76% used [0x00000000c0000000,0x00000000c55bcff0,0x00000000c7000000)
 Metaspace       used 72576K, committed 73728K, reserved 1179648K
  class space    used 7521K, committed 8000K, reserved 1048576K
}
Event: 49.196 GC heap before
{Heap before GC invocations=66 (full 5):
 PSYoungGen      total 7680K, used 7504K [0x00000000eab00000, 0x00000000eb880000, 0x0000000100000000)
  eden space 7168K, 99% used [0x00000000eab00000,0x00000000eb1ffda8,0x00000000eb200000)
  from space 512K, 65% used [0x00000000eb800000,0x00000000eb854460,0x00000000eb880000)
  to   space 512K, 0% used [0x00000000eb780000,0x00000000eb780000,0x00000000eb800000)
 ParOldGen       total 114688K, used 87795K [0x00000000c0000000, 0x00000000c7000000, 0x00000000eab00000)
  object space 114688K, 76% used [0x00000000c0000000,0x00000000c55bcff0,0x00000000c7000000)
 Metaspace       used 73301K, committed 74496K, reserved 1179648K
  class space    used 7663K, committed 8192K, reserved 1048576K
}
Event: 49.198 GC heap after
{Heap after GC invocations=66 (full 5):
 PSYoungGen      total 7680K, used 465K [0x00000000eab00000, 0x00000000eb880000, 0x0000000100000000)
  eden space 7168K, 0% used [0x00000000eab00000,0x00000000eab00000,0x00000000eb200000)
  from space 512K, 90% used [0x00000000eb780000,0x00000000eb7f4460,0x00000000eb800000)
  to   space 512K, 0% used [0x00000000eb800000,0x00000000eb800000,0x00000000eb880000)
 ParOldGen       total 114688K, used 87795K [0x00000000c0000000, 0x00000000c7000000, 0x00000000eab00000)
  object space 114688K, 76% used [0x00000000c0000000,0x00000000c55bcff0,0x00000000c7000000)
 Metaspace       used 73301K, committed 74496K, reserved 1179648K
  class space    used 7663K, committed 8192K, reserved 1048576K
}
Event: 192.744 GC heap before
{Heap before GC invocations=67 (full 5):
 PSYoungGen      total 7680K, used 7633K [0x00000000eab00000, 0x00000000eb880000, 0x0000000100000000)
  eden space 7168K, 100% used [0x00000000eab00000,0x00000000eb200000,0x00000000eb200000)
  from space 512K, 90% used [0x00000000eb780000,0x00000000eb7f4460,0x00000000eb800000)
  to   space 512K, 0% used [0x00000000eb800000,0x00000000eb800000,0x00000000eb880000)
 ParOldGen       total 114688K, used 87795K [0x00000000c0000000, 0x00000000c7000000, 0x00000000eab00000)
  object space 114688K, 76% used [0x00000000c0000000,0x00000000c55bcff0,0x00000000c7000000)
 Metaspace       used 74176K, committed 75264K, reserved 1179648K
  class space    used 7788K, committed 8256K, reserved 1048576K
}
Event: 192.746 GC heap after
{Heap after GC invocations=67 (full 5):
 PSYoungGen      total 7680K, used 497K [0x00000000eab00000, 0x00000000eb880000, 0x0000000100000000)
  eden space 7168K, 0% used [0x00000000eab00000,0x00000000eab00000,0x00000000eb200000)
  from space 512K, 97% used [0x00000000eb800000,0x00000000eb87c460,0x00000000eb880000)
  to   space 1024K, 0% used [0x00000000eb680000,0x00000000eb680000,0x00000000eb780000)
 ParOldGen       total 114688K, used 87867K [0x00000000c0000000, 0x00000000c7000000, 0x00000000eab00000)
  object space 114688K, 76% used [0x00000000c0000000,0x00000000c55ceff0,0x00000000c7000000)
 Metaspace       used 74176K, committed 75264K, reserved 1179648K
  class space    used 7788K, committed 8256K, reserved 1048576K
}

